react-native-cz-permission/android/build/intermediates/manifest_merge_blame_file/debug/manifest-merger-blame-debug-report.txt
1<?xml version="1.0" encoding="utf-8"?>
2<manifest xmlns:android="http://schemas.android.com/apk/res/android"
3    package="com.chenzhe.permission" >
4
5    <uses-sdk android:minSdkVersion="21" />
5-->src\main\AndroidManifest.xml
6
7    <uses-permission android:name="android.permission.ACCESS_NETWORK_STATE" />
7-->src\main\AndroidManifest.xml:5:5-79
7-->src\main\AndroidManifest.xml:5:22-76
8    <uses-permission android:name="android.permission.ACCESS_WIFI_STATE" />
8-->src\main\AndroidManifest.xml:6:5-76
8-->src\main\AndroidManifest.xml:6:22-73
9
10</manifest>